  class1cpp.cpp
c:\users\burke\source\repos\classtest\classtest\class2.h(6): error C2061: syntax error: identifier 'class1'
  class2.cpp
c:\users\burke\source\repos\classtest\classtest\class1.h(6): error C2061: syntax error: identifier 'class2'
  Generating Code...
